用法：/usr/bin/addr2line [选项] [地址]
 将地址转换成文件名/行号对。
 如果没有在命令行中给出地址，就从标准输入中读取它们
 The options are:
  @<file>                Read options from <file>
  -a --addresses         Show addresses
  -b --target=<bfdname>  Set the binary file format
  -e --exe=<executable>  Set the input file name (default is a.out)
  -i --inlines           Unwind inlined functions
  -j --section=<name>    Read section-relative offsets instead of addresses
  -p --pretty-print      Make the output easier to read for humans
  -s --basenames         Strip directory names
  -f --functions         Show function names
  -C --demangle[=style]  Demangle function names
  -R --recurse-limit     Enable a limit on recursion whilst demangling.  [Default]
  -r --no-recurse-limit  Disable a limit on recursion whilst demangling
  -h --help              Display this information
  -v --version           Display the program's version

/usr/bin/addr2line：支持的目标： elf64-loongarch elf32-loongarch pei-loongarch64 elf64-little elf64-big elf32-little elf32-big pe-x86-64 pei-x86-64 pe-bigobj-x86-64 elf64-x86-64 elf64-l1om elf64-k1om pe-i386 pei-i386 elf32-i386 elf32-iamcu srec symbolsrec verilog tekhex binary ihex plugin
将 bug 报告到 <https://www.sourceware.org/bugzilla/>
